<?xml version="1.0" encoding="UTF-8"?>
<testsuite xmlns:xsi="http://www.w3.org/2001/XMLSchema-instance" xsi:noNamespaceSchemaLocation="https://maven.apache.org/surefire/maven-surefire-plugin/xsd/surefire-test-report.xsd" name="SimpleLinkedListTest" time="0.048" tests="15" errors="0" skipped="0" failures="0">
  <properties>
    <property name="java.specification.version" value="17"/>
    <property name="sun.jnu.encoding" value="UTF-8"/>
    <property name="java.class.path" value="/home/myid/ltb23581/cs1302/project4/mavenshapes/target/test-classes:/home/myid/ltb23581/cs1302/project4/mavenshapes/target/classes:/home/myid/ltb23581/.m2/repository/junit/junit/4.13.2/junit-4.13.2.jar:/home/myid/ltb23581/.m2/repository/org/hamcrest/hamcrest-core/1.3/hamcrest-core-1.3.jar:"/>
    <property name="java.vm.vendor" value="Oracle Corporation"/>
    <property name="sun.arch.data.model" value="64"/>
    <property name="java.vendor.url" value="https://java.oracle.com/"/>
    <property name="os.name" value="Linux"/>
    <property name="java.vm.specification.version" value="17"/>
    <property name="sun.java.launcher" value="SUN_STANDARD"/>
    <property name="user.country" value="US"/>
    <property name="sun.boot.library.path" value="/usr/local/java/jdk-17.0.3.1/lib"/>
    <property name="sun.java.command" value="/home/myid/ltb23581/cs1302/project4/mavenshapes/target/surefire/surefirebooter7943572212581596233.jar /home/myid/ltb23581/cs1302/project4/mavenshapes/target/surefire 2023-07-31T12-10-36_834-jvmRun1 surefire4606028430521834360tmp surefire_018195791830654107395tmp"/>
    <property name="jdk.debug" value="release"/>
    <property name="surefire.test.class.path" value="/home/myid/ltb23581/cs1302/project4/mavenshapes/target/test-classes:/home/myid/ltb23581/cs1302/project4/mavenshapes/target/classes:/home/myid/ltb23581/.m2/repository/junit/junit/4.13.2/junit-4.13.2.jar:/home/myid/ltb23581/.m2/repository/org/hamcrest/hamcrest-core/1.3/hamcrest-core-1.3.jar:"/>
    <property name="sun.cpu.endian" value="little"/>
    <property name="user.home" value="/home/myid/ltb23581"/>
    <property name="user.language" value="en"/>
    <property name="java.specification.vendor" value="Oracle Corporation"/>
    <property name="java.version.date" value="2022-04-22"/>
    <property name="java.home" value="/usr/local/java/jdk-17.0.3.1"/>
    <property name="file.separator" value="/"/>
    <property name="basedir" value="/home/myid/ltb23581/cs1302/project4/mavenshapes"/>
    <property name="java.vm.compressedOopsMode" value="Zero based"/>
    <property name="line.separator" value="&#10;"/>
    <property name="java.vm.specification.vendor" value="Oracle Corporation"/>
    <property name="java.specification.name" value="Java Platform API Specification"/>
    <property name="surefire.real.class.path" value="/home/myid/ltb23581/cs1302/project4/mavenshapes/target/surefire/surefirebooter7943572212581596233.jar"/>
    <property name="sun.management.compiler" value="HotSpot 64-Bit Tiered Compilers"/>
    <property name="java.runtime.version" value="17.0.3.1+2-LTS-6"/>
    <property name="user.name" value="ltb23581"/>
    <property name="path.separator" value=":"/>
    <property name="os.version" value="3.10.0-1160.42.2.el7.x86_64"/>
    <property name="java.runtime.name" value="Java(TM) SE Runtime Environment"/>
    <property name="file.encoding" value="UTF-8"/>
    <property name="java.vm.name" value="Java HotSpot(TM) 64-Bit Server VM"/>
    <property name="localRepository" value="/home/myid/ltb23581/.m2/repository"/>
    <property name="java.vendor.url.bug" value="https://bugreport.java.com/bugreport/"/>
    <property name="java.io.tmpdir" value="/tmp"/>
    <property name="java.version" value="17.0.3.1"/>
    <property name="user.dir" value="/home/myid/ltb23581/cs1302/project4/mavenshapes"/>
    <property name="os.arch" value="amd64"/>
    <property name="java.vm.specification.name" value="Java Virtual Machine Specification"/>
    <property name="native.encoding" value="UTF-8"/>
    <property name="java.library.path" value="/usr/java/packages/lib:/usr/lib64:/lib64:/lib:/usr/lib"/>
    <property name="java.vm.info" value="mixed mode, sharing"/>
    <property name="java.vendor" value="Oracle Corporation"/>
    <property name="java.vm.version" value="17.0.3.1+2-LTS-6"/>
    <property name="sun.io.unicode.encoding" value="UnicodeLittle"/>
    <property name="java.class.version" value="61.0"/>
  </properties>
  <testcase name="testAddException" classname="SimpleLinkedListTest" time="0.004"/>
  <testcase name="testAdd" classname="SimpleLinkedListTest" time="0"/>
  <testcase name="testRemoveException1" classname="SimpleLinkedListTest" time="0"/>
  <testcase name="testAdd1" classname="SimpleLinkedListTest" time="0"/>
  <testcase name="testAdd2" classname="SimpleLinkedListTest" time="0"/>
  <testcase name="testRemoveException" classname="SimpleLinkedListTest" time="0"/>
  <testcase name="testAddException1" classname="SimpleLinkedListTest" time="0"/>
  <testcase name="testRemove1" classname="SimpleLinkedListTest" time="0"/>
  <testcase name="testRemove2" classname="SimpleLinkedListTest" time="0"/>
  <testcase name="testRemove3" classname="SimpleLinkedListTest" time="0"/>
  <testcase name="testIndexOf1" classname="SimpleLinkedListTest" time="0"/>
  <testcase name="testIndexOf2" classname="SimpleLinkedListTest" time="0"/>
  <testcase name="testIndexOf3" classname="SimpleLinkedListTest" time="0"/>
  <testcase name="testIndexOf" classname="SimpleLinkedListTest" time="0"/>
  <testcase name="testRemove" classname="SimpleLinkedListTest" time="0"/>
</testsuite>