<?xml version="1.0" encoding="UTF-8"?>
<testsuite xmlns:xsi="http://www.w3.org/2001/XMLSchema-instance" xsi:noNamespaceSchemaLocation="https://maven.apache.org/surefire/maven-surefire-plugin/xsd/surefire-test-report.xsd" name="edu.uga.cs1302.csvsample.AppTest" time="0.043" tests="1" errors="0" skipped="0" failures="0">
  <properties>
    <property name="java.specification.version" value="17"/>
    <property name="sun.jnu.encoding" value="UTF-8"/>
    <property name="java.class.path" value="/home/myid/kkochut/cs1302/mvncsvreading/target/test-classes:/home/myid/kkochut/cs1302/mvncsvreading/target/classes:/home/myid/kkochut/.m2/repository/junit/junit/4.13.2/junit-4.13.2.jar:/home/myid/kkochut/.m2/repository/org/hamcrest/hamcrest-core/1.3/hamcrest-core-1.3.jar:/home/myid/kkochut/.m2/repository/org/apache/commons/commons-csv/1.10.0/commons-csv-1.10.0.jar:"/>
    <property name="java.vm.vendor" value="Oracle Corporation"/>
    <property name="sun.arch.data.model" value="64"/>
    <property name="java.vendor.url" value="https://java.oracle.com/"/>
    <property name="os.name" value="Linux"/>
    <property name="java.vm.specification.version" value="17"/>
    <property name="sun.java.launcher" value="SUN_STANDARD"/>
    <property name="user.country" value="US"/>
    <property name="sun.boot.library.path" value="/usr/local/java/jdk-17.0.3.1/lib"/>
    <property name="sun.java.command" value="/home/myid/kkochut/cs1302/mvncsvreading/target/surefire/surefirebooter13133959660051846702.jar /home/myid/kkochut/cs1302/mvncsvreading/target/surefire 2023-07-23T18-29-50_945-jvmRun1 surefire3243935800641510212tmp surefire_011232423807476953750tmp"/>
    <property name="jdk.debug" value="release"/>
    <property name="surefire.test.class.path" value="/home/myid/kkochut/cs1302/mvncsvreading/target/test-classes:/home/myid/kkochut/cs1302/mvncsvreading/target/classes:/home/myid/kkochut/.m2/repository/junit/junit/4.13.2/junit-4.13.2.jar:/home/myid/kkochut/.m2/repository/org/hamcrest/hamcrest-core/1.3/hamcrest-core-1.3.jar:/home/myid/kkochut/.m2/repository/org/apache/commons/commons-csv/1.10.0/commons-csv-1.10.0.jar:"/>
    <property name="sun.cpu.endian" value="little"/>
    <property name="user.home" value="/home/myid/kkochut"/>
    <property name="user.language" value="en"/>
    <property name="java.specification.vendor" value="Oracle Corporation"/>
    <property name="java.version.date" value="2022-04-22"/>
    <property name="java.home" value="/usr/local/java/jdk-17.0.3.1"/>
    <property name="file.separator" value="/"/>
    <property name="basedir" value="/home/myid/kkochut/cs1302/mvncsvreading"/>
    <property name="java.vm.compressedOopsMode" value="Zero based"/>
    <property name="line.separator" value="&#10;"/>
    <property name="java.vm.specification.vendor" value="Oracle Corporation"/>
    <property name="java.specification.name" value="Java Platform API Specification"/>
    <property name="surefire.real.class.path" value="/home/myid/kkochut/cs1302/mvncsvreading/target/surefire/surefirebooter13133959660051846702.jar"/>
    <property name="sun.management.compiler" value="HotSpot 64-Bit Tiered Compilers"/>
    <property name="java.runtime.version" value="17.0.3.1+2-LTS-6"/>
    <property name="user.name" value="kkochut"/>
    <property name="path.separator" value=":"/>
    <property name="os.version" value="3.10.0-1160.42.2.el7.x86_64"/>
    <property name="java.runtime.name" value="Java(TM) SE Runtime Environment"/>
    <property name="file.encoding" value="UTF-8"/>
    <property name="java.vm.name" value="Java HotSpot(TM) 64-Bit Server VM"/>
    <property name="localRepository" value="/home/myid/kkochut/.m2/repository"/>
    <property name="java.vendor.url.bug" value="https://bugreport.java.com/bugreport/"/>
    <property name="java.io.tmpdir" value="/tmp"/>
    <property name="java.version" value="17.0.3.1"/>
    <property name="user.dir" value="/home/myid/kkochut/cs1302/mvncsvreading"/>
    <property name="os.arch" value="amd64"/>
    <property name="java.vm.specification.name" value="Java Virtual Machine Specification"/>
    <property name="native.encoding" value="UTF-8"/>
    <property name="java.library.path" value="/usr/java/packages/lib:/usr/lib64:/lib64:/lib:/usr/lib"/>
    <property name="java.vm.info" value="mixed mode, sharing"/>
    <property name="java.vendor" value="Oracle Corporation"/>
    <property name="java.vm.version" value="17.0.3.1+2-LTS-6"/>
    <property name="sun.io.unicode.encoding" value="UnicodeLittle"/>
    <property name="java.class.version" value="61.0"/>
  </properties>
  <testcase name="shouldAnswerWithTrue" classname="edu.uga.cs1302.csvsample.AppTest" time="0.002"/>
</testsuite>